#
# There is insufficient memory for the Java Runtime Environment to continue.
# Native memory allocation (malloc) failed to allocate 1848176 bytes for Chunk::new
# Possible reasons:
#   The system is out of physical RAM or swap space
#   In 32 bit mode, the process size limit was hit
# Possible solutions:
#   Reduce memory load on the system
#   Increase physical memory or swap space
#   Check if swap backing store is full
#   Use 64 bit Java on a 64 bit OS
#   Decrease Java heap size (-Xmx/-Xms)
#   Decrease number of Java threads
#   Decrease Java thread stack sizes (-Xss)
#   Set larger code cache with -XX:ReservedCodeCacheSize=
# This output file may be truncated or incomplete.
#
#  Out of Memory Error (allocation.cpp:390), pid=4252, tid=0x00000000000055d0
#
# JRE version: Java(TM) SE Runtime Environment (8.0_102-b14) (build 1.8.0_102-b14)
# Java VM: Java HotSpot(TM) 64-Bit Server VM (25.102-b14 mixed mode windows-amd64 compressed oops)
# Failed to write core dump. Minidumps are not enabled by default on client versions of Windows
#

---------------  T H R E A D  ---------------

Current thread (0x0000000017844800):  JavaThread "C2 CompilerThread0" daemon [_thread_in_native, id=21968, stack(0x00000000191d0000,0x00000000192d0000)]

Stack: [0x00000000191d0000,0x00000000192d0000]
[error occurred during error reporting (printing stack bounds), id 0xc0000005]

Native frames: (J=compiled Java code, j=interpreted, Vv=VM code, C=native code)


Current CompileTask:
C2:10574725 22229       4       org.gradle.cache.internal.CrossProcessSynchronizingCache::get (19 bytes)


---------------  P R O C E S S  ---------------

Java Threads: ( => current thread )
  0x000000001a471000 JavaThread "pool-15-thread-4" [_thread_blocked, id=43080, stack(0x000000002a340000,0x000000002a440000)]
  0x000000001a473800 JavaThread "pool-15-thread-3" [_thread_blocked, id=43052, stack(0x0000000029d40000,0x0000000029e40000)]
  0x000000001a472000 JavaThread "pool-15-thread-2" [_thread_blocked, id=43012, stack(0x0000000029440000,0x0000000029540000)]
  0x000000001f091000 JavaThread "pool-15-thread-1" [_thread_blocked, id=40812, stack(0x0000000029040000,0x0000000029140000)]
  0x000000001f08e800 JavaThread "pool-14-thread-4" [_thread_blocked, id=41488, stack(0x0000000028f40000,0x0000000029040000)]
  0x000000001f08e000 JavaThread "pool-14-thread-3" [_thread_blocked, id=23444, stack(0x0000000028e40000,0x0000000028f40000)]
  0x000000001f086800 JavaThread "pool-14-thread-2" [_thread_blocked, id=40956, stack(0x0000000028d40000,0x0000000028e40000)]
  0x000000001f08d000 JavaThread "pool-14-thread-1" [_thread_blocked, id=40516, stack(0x0000000028c40000,0x0000000028d40000)]
  0x000000001f085800 JavaThread "Task worker Thread 3" [_thread_blocked, id=40724, stack(0x0000000028540000,0x0000000028640000)]
  0x000000001f08c800 JavaThread "Task worker Thread 2" [_thread_blocked, id=20340, stack(0x0000000028440000,0x0000000028540000)]
  0x000000001f08b800 JavaThread "Task worker" [_thread_in_native, id=41912, stack(0x0000000028340000,0x0000000028440000)]
  0x000000001f084000 JavaThread "Cache update executor" [_thread_blocked, id=9836, stack(0x0000000028240000,0x0000000028340000)]
  0x000000001f088000 JavaThread "Stdin handler" [_thread_blocked, id=42928, stack(0x0000000028140000,0x0000000028240000)]
  0x000000001f087000 JavaThread "Asynchronous log dispatcher for DefaultDaemonConnection: socket connection from /127.0.0.1:62113 to /127.0.0.1:60718" [_thread_blocked, id=41756, stack(0x0000000028040000,0x0000000028140000)]
  0x000000001f08b000 JavaThread "Daemon worker Thread 3" [_thread_blocked, id=6428, stack(0x0000000027f40000,0x0000000028040000)]
  0x000000001f083800 JavaThread "Cancel handler" [_thread_blocked, id=23536, stack(0x0000000027e40000,0x0000000027f40000)]
  0x000000001f085000 JavaThread "Handler for socket connection from /127.0.0.1:62113 to /127.0.0.1:60718" [_thread_in_native, id=42392, stack(0x0000000027d40000,0x0000000027e40000)]
  0x000000001f082000 JavaThread "Daemon Thread 3" [_thread_blocked, id=39660, stack(0x0000000027c40000,0x0000000027d40000)]
  0x000000001a46f800 JavaThread "File lock request listener" [_thread_in_native, id=16672, stack(0x000000001cd10000,0x000000001ce10000)]
  0x0000000019f4f000 JavaThread "Incoming local TCP Connector on port 62113" [_thread_in_native, id=25728, stack(0x000000001b1a0000,0x000000001b2a0000)]
  0x000000001a0bb000 JavaThread "pool-1-thread-1" [_thread_blocked, id=26180, stack(0x000000001aea0000,0x000000001afa0000)]
  0x0000000018c5d800 JavaThread "Service Thread" daemon [_thread_blocked, id=8836, stack(0x00000000194d0000,0x00000000195d0000)]
  0x0000000018c12000 JavaThread "C1 CompilerThread2" daemon [_thread_blocked, id=23492, stack(0x00000000193d0000,0x00000000194d0000)]
  0x0000000017846000 JavaThread "C2 CompilerThread1" daemon [_thread_blocked, id=13688, stack(0x00000000192d0000,0x00000000193d0000)]
=>0x0000000017844800 JavaThread "C2 CompilerThread0" daemon [_thread_in_native, id=21968, stack(0x00000000191d0000,0x00000000192d0000)]
  0x0000000017843800 JavaThread "Attach Listener" daemon [_thread_blocked, id=11240, stack(0x00000000190d0000,0x00000000191d0000)]
  0x0000000017800000 JavaThread "Signal Dispatcher" daemon [_thread_blocked, id=3688, stack(0x0000000018fd0000,0x00000000190d0000)]
  0x00000000177da000 JavaThread "Finalizer" daemon [_thread_blocked, id=24960, stack(0x0000000018a70000,0x0000000018b70000)]
  0x0000000002bc2000 JavaThread "Reference Handler" daemon [_thread_blocked, id=26392, stack(0x0000000018970000,0x0000000018a70000)]
  0x0000000002ad2800 JavaThread "main" [_thread_blocked, id=26504, stack(0x00000000029a0000,0x0000000002aa0000)]

Other Threads:
  0x00000000177b7800 VMThread [stack: 0x0000000018870000,0x0000000018970000] [id=4848]
  0x0000000018c9c000 WatcherThread [stack: 0x00000000195d0000,0x00000000196d0000] [id=21448]

VM state:not at safepoint (normal execution)

VM Mutex/Monitor currently owned by a thread: None

Heap:
 PSYoungGen      total 272384K, used 162800K [0x00000000d5580000, 0x00000000ead00000, 0x0000000100000000)
  eden space 225792K, 64% used [0x00000000d5580000,0x00000000de3f0638,0x00000000e3200000)
  from space 46592K, 36% used [0x00000000e3200000,0x00000000e428bdb8,0x00000000e5f80000)
  to   space 44544K, 0% used [0x00000000e8180000,0x00000000e8180000,0x00000000ead00000)
 ParOldGen       total 144384K, used 59318K [0x0000000080000000, 0x0000000088d00000, 0x00000000d5580000)
  object space 144384K, 41% used [0x0000000080000000,0x00000000839ed838,0x0000000088d00000)
 Metaspace       used 82148K, capacity 84760K, committed 87640K, reserved 1126400K
  class space    used 10144K, capacity 10611K, committed 11648K, reserved 1048576K

Card table byte_map: [0x0000000011f90000,0x00000000123a0000] byte_map_base: 0x0000000011b90000

Marking Bits: (ParMarkBitMap*) 0x000000006ef3a6c0
 Begin Bits: [0x0000000012a50000, 0x0000000014a50000)
 End Bits:   [0x0000000014a50000, 0x0000000016a50000)

Polling page: 0x0000000000920000

CodeCache: size=245760Kb used=61504Kb max_used=61515Kb free=184255Kb
 bounds [0x0000000002bd0000, 0x0000000006840000, 0x0000000011bd0000]
 total_blobs=17690 nmethods=16865 adapters=735
 compilation: enabled

Compilation events (10 events):
Event: 10570.938 Thread 0x0000000018c12000 22236       3       com.android.build.gradle.internal.transforms.MergeJavaResourcesTransform::skipEntry (59 bytes)
Event: 10570.939 Thread 0x0000000018c12000 nmethod 22236 0x0000000006829210 code [0x00000000068293e0, 0x0000000006829cc8]
Event: 10570.939 Thread 0x0000000018c12000 22237       3       com.android.build.gradle.internal.transforms.MergeJavaResourcesTransform$NativeLibValidator::validateJarPath (71 bytes)
Event: 10570.940 Thread 0x0000000018c12000 nmethod 22237 0x0000000006828190 code [0x0000000006828380, 0x0000000006828e98]
Event: 10570.958 Thread 0x0000000018c12000 22238       3       java.lang.invoke.MethodHandles$Lookup::checkMethod (83 bytes)
Event: 10570.959 Thread 0x0000000018c12000 nmethod 22238 0x0000000006827210 code [0x00000000068273e0, 0x0000000006827e18]
Event: 10570.959 Thread 0x0000000018c12000 22239       3       java.util.regex.Pattern$SliceU::match (99 bytes)
Event: 10570.960 Thread 0x0000000018c12000 nmethod 22239 0x0000000006826490 code [0x0000000006826680, 0x0000000006826e18]
Event: 10571.236 Thread 0x0000000017846000 22240       4       sun.nio.fs.WindowsPathParser$Result::<init> (20 bytes)
Event: 10571.237 Thread 0x0000000017846000 nmethod 22240 0x0000000005598ed0 code [0x0000000005599000, 0x0000000005599078]

GC Heap History (10 events):
Event: 10538.968 GC heap before
{Heap before GC invocations=32 (full 5):
 PSYoungGen      total 208384K, used 31754K [0x00000000d5580000, 0x00000000e6880000, 0x0000000100000000)
  eden space 166912K, 0% used [0x00000000d5580000,0x00000000d5580000,0x00000000df880000)
  from space 41472K, 76% used [0x00000000df880000,0x00000000e1782990,0x00000000e2100000)
  to   space 44544K, 0% used [0x00000000e3d00000,0x00000000e3d00000,0x00000000e6880000)
 ParOldGen       total 145920K, used 118753K [0x0000000080000000, 0x0000000088e80000, 0x00000000d5580000)
  object space 145920K, 81% used [0x0000000080000000,0x00000000873f8488,0x0000000088e80000)
 Metaspace       used 87298K, capacity 89848K, committed 91736K, reserved 1130496K
  class space    used 10773K, capacity 11229K, committed 11648K, reserved 1048576K
Event: 10539.318 GC heap after
Heap after GC invocations=32 (full 5):
 PSYoungGen      total 208384K, used 0K [0x00000000d5580000, 0x00000000e6880000, 0x0000000100000000)
  eden space 166912K, 0% used [0x00000000d5580000,0x00000000d5580000,0x00000000df880000)
  from space 41472K, 0% used [0x00000000df880000,0x00000000df880000,0x00000000e2100000)
  to   space 44544K, 0% used [0x00000000e3d00000,0x00000000e3d00000,0x00000000e6880000)
 ParOldGen       total 144384K, used 42331K [0x0000000080000000, 0x0000000088d00000, 0x00000000d5580000)
  object space 144384K, 29% used [0x0000000080000000,0x0000000082956de0,0x0000000088d00000)
 Metaspace       used 67139K, capacity 69448K, committed 87640K, reserved 1126400K
  class space    used 8634K, capacity 9029K, committed 11648K, reserved 1048576K
}
Event: 10551.568 GC heap before
{Heap before GC invocations=33 (full 5):
 PSYoungGen      total 208384K, used 166912K [0x00000000d5580000, 0x00000000e6880000, 0x0000000100000000)
  eden space 166912K, 100% used [0x00000000d5580000,0x00000000df880000,0x00000000df880000)
  from space 41472K, 0% used [0x00000000df880000,0x00000000df880000,0x00000000e2100000)
  to   space 44544K, 0% used [0x00000000e3d00000,0x00000000e3d00000,0x00000000e6880000)
 ParOldGen       total 144384K, used 42331K [0x0000000080000000, 0x0000000088d00000, 0x00000000d5580000)
  object space 144384K, 29% used [0x0000000080000000,0x0000000082956de0,0x0000000088d00000)
 Metaspace       used 67479K, capacity 69900K, committed 87640K, reserved 1126400K
  class space    used 8684K, capacity 9095K, committed 11648K, reserved 1048576K
Event: 10551.593 GC heap after
Heap after GC invocations=33 (full 5):
 PSYoungGen      total 235008K, used 12368K [0x00000000d5580000, 0x00000000e6600000, 0x0000000100000000)
  eden space 193024K, 0% used [0x00000000d5580000,0x00000000d5580000,0x00000000e1200000)
  from space 41984K, 29% used [0x00000000e3d00000,0x00000000e4914030,0x00000000e6600000)
  to   space 43008K, 0% used [0x00000000e1200000,0x00000000e1200000,0x00000000e3c00000)
 ParOldGen       total 144384K, used 42339K [0x0000000080000000, 0x0000000088d00000, 0x00000000d5580000)
  object space 144384K, 29% used [0x0000000080000000,0x0000000082958de0,0x0000000088d00000)
 Metaspace       used 67479K, capacity 69900K, committed 87640K, reserved 1126400K
  class space    used 8684K, capacity 9095K, committed 11648K, reserved 1048576K
}
Event: 10556.862 GC heap before
{Heap before GC invocations=34 (full 5):
 PSYoungGen      total 235008K, used 205392K [0x00000000d5580000, 0x00000000e6600000, 0x0000000100000000)
  eden space 193024K, 100% used [0x00000000d5580000,0x00000000e1200000,0x00000000e1200000)
  from space 41984K, 29% used [0x00000000e3d00000,0x00000000e4914030,0x00000000e6600000)
  to   space 43008K, 0% used [0x00000000e1200000,0x00000000e1200000,0x00000000e3c00000)
 ParOldGen       total 144384K, used 42339K [0x0000000080000000, 0x0000000088d00000, 0x00000000d5580000)
  object space 144384K, 29% used [0x0000000080000000,0x0000000082958de0,0x0000000088d00000)
 Metaspace       used 77846K, capacity 80334K, committed 87640K, reserved 1126400K
  class space    used 9775K, capacity 10226K, committed 11648K, reserved 1048576K
Event: 10556.929 GC heap after
Heap after GC invocations=34 (full 5):
 PSYoungGen      total 236032K, used 41337K [0x00000000d5580000, 0x00000000e9200000, 0x0000000100000000)
  eden space 193024K, 0% used [0x00000000d5580000,0x00000000d5580000,0x00000000e1200000)
  from space 43008K, 96% used [0x00000000e1200000,0x00000000e3a5e6e0,0x00000000e3c00000)
  to   space 49152K, 0% used [0x00000000e6200000,0x00000000e6200000,0x00000000e9200000)
 ParOldGen       total 144384K, used 52924K [0x0000000080000000, 0x0000000088d00000, 0x00000000d5580000)
  object space 144384K, 36% used [0x0000000080000000,0x00000000833af300,0x0000000088d00000)
 Metaspace       used 77846K, capacity 80334K, committed 87640K, reserved 1126400K
  class space    used 9775K, capacity 10226K, committed 11648K, reserved 1048576K
}
Event: 10564.415 GC heap before
{Heap before GC invocations=35 (full 5):
 PSYoungGen      total 236032K, used 234361K [0x00000000d5580000, 0x00000000e9200000, 0x0000000100000000)
  eden space 193024K, 100% used [0x00000000d5580000,0x00000000e1200000,0x00000000e1200000)
  from space 43008K, 96% used [0x00000000e1200000,0x00000000e3a5e6e0,0x00000000e3c00000)
  to   space 49152K, 0% used [0x00000000e6200000,0x00000000e6200000,0x00000000e9200000)
 ParOldGen       total 144384K, used 52924K [0x0000000080000000, 0x0000000088d00000, 0x00000000d5580000)
  object space 144384K, 36% used [0x0000000080000000,0x00000000833af300,0x0000000088d00000)
 Metaspace       used 81004K, capacity 83598K, committed 87640K, reserved 1126400K
  class space    used 10049K, capacity 10508K, committed 11648K, reserved 1048576K
Event: 10564.475 GC heap after
Heap after GC invocations=35 (full 5):
 PSYoungGen      total 269824K, used 19728K [0x00000000d5580000, 0x00000000e8d00000, 0x0000000100000000)
  eden space 225792K, 0% used [0x00000000d5580000,0x00000000d5580000,0x00000000e3200000)
  from space 44032K, 44% used [0x00000000e6200000,0x00000000e7544078,0x00000000e8d00000)
  to   space 46592K, 0% used [0x00000000e3200000,0x00000000e3200000,0x00000000e5f80000)
 ParOldGen       total 144384K, used 54762K [0x0000000080000000, 0x0000000088d00000, 0x00000000d5580000)
  object space 144384K, 37% used [0x0000000080000000,0x000000008357aaa0,0x0000000088d00000)
 Metaspace       used 81004K, capacity 83598K, committed 87640K, reserved 1126400K
  class space    used 10049K, capacity 10508K, committed 11648K, reserved 1048576K
}
Event: 10569.036 GC heap before
{Heap before GC invocations=36 (full 5):
 PSYoungGen      total 269824K, used 245520K [0x00000000d5580000, 0x00000000e8d00000, 0x0000000100000000)
  eden space 225792K, 100% used [0x00000000d5580000,0x00000000e3200000,0x00000000e3200000)
  from space 44032K, 44% used [0x00000000e6200000,0x00000000e7544078,0x00000000e8d00000)
  to   space 46592K, 0% used [0x00000000e3200000,0x00000000e3200000,0x00000000e5f80000)
 ParOldGen       total 144384K, used 54762K [0x0000000080000000, 0x0000000088d00000, 0x00000000d5580000)
  object space 144384K, 37% used [0x0000000080000000,0x000000008357aaa0,0x0000000088d00000)
 Metaspace       used 81753K, capacity 84368K, committed 87640K, reserved 1126400K
  class space    used 10096K, capacity 10573K, committed 11648K, reserved 1048576K
Event: 10569.064 GC heap after
Heap after GC invocations=36 (full 5):
 PSYoungGen      total 272384K, used 16943K [0x00000000d5580000, 0x00000000ead00000, 0x0000000100000000)
  eden space 225792K, 0% used [0x00000000d5580000,0x00000000d5580000,0x00000000e3200000)
  from space 46592K, 36% used [0x00000000e3200000,0x00000000e428bdb8,0x00000000e5f80000)
  to   space 44544K, 0% used [0x00000000e8180000,0x00000000e8180000,0x00000000ead00000)
 ParOldGen       total 144384K, used 59318K [0x0000000080000000, 0x0000000088d00000, 0x00000000d5580000)
  object space 144384K, 41% used [0x0000000080000000,0x00000000839ed838,0x0000000088d00000)
 Metaspace       used 81753K, capacity 84368K, committed 87640K, reserved 1126400K
  class space    used 10096K, capacity 10573K, committed 11648K, reserved 1048576K
}

Deoptimization events (10 events):
Event: 10569.982 Thread 0x000000001a471000 Uncommon trap: reason=unstable_if action=reinterpret pc=0x00000000066981ec method=com.android.dex.Mutf8.countBytes(Ljava/lang/String;Z)J @ 28
Event: 10569.982 Thread 0x000000001a471000 Uncommon trap: reason=unstable_if action=reinterpret pc=0x000000000666e038 method=com.android.dex.Mutf8.countBytes(Ljava/lang/String;Z)J @ 28
Event: 10569.982 Thread 0x000000001a471000 Uncommon trap: reason=unstable_if action=reinterpret pc=0x000000000667a87c method=com.android.dex.Mutf8.encode([BILjava/lang/String;)V @ 24
Event: 10569.982 Thread 0x000000001a471000 Uncommon trap: reason=unstable_if action=reinterpret pc=0x0000000006677874 method=com.android.dex.Mutf8.encode([BILjava/lang/String;)V @ 24
Event: 10570.414 Thread 0x000000001a471000 Uncommon trap: reason=class_check action=maybe_recompile pc=0x0000000004e25190 method=java.util.Formatter$FixedString.print(Ljava/lang/Object;Ljava/util/Locale;)V @ 11
Event: 10570.415 Thread 0x000000001a471000 Uncommon trap: reason=unstable_if action=reinterpret pc=0x00000000049f8364 method=java.io.PrintStream.write(Ljava/lang/String;)V @ 34
Event: 10570.415 Thread 0x000000001a471000 Uncommon trap: reason=class_check action=maybe_recompile pc=0x0000000004e25190 method=java.util.Formatter$FixedString.print(Ljava/lang/Object;Ljava/util/Locale;)V @ 11
Event: 10570.415 Thread 0x000000001a471000 Uncommon trap: reason=class_check action=maybe_recompile pc=0x0000000004e25190 method=java.util.Formatter$FixedString.print(Ljava/lang/Object;Ljava/util/Locale;)V @ 11
Event: 10570.415 Thread 0x000000001a471000 Uncommon trap: reason=class_check action=maybe_recompile pc=0x0000000004e25190 method=java.util.Formatter$FixedString.print(Ljava/lang/Object;Ljava/util/Locale;)V @ 11
Event: 10570.957 Thread 0x000000001f08b800 Uncommon trap: reason=unstable_if action=reinterpret pc=0x00000000035fd66c method=sun.nio.fs.WindowsPathParser.parse(Ljava/lang/String;Z)Lsun/nio/fs/WindowsPathParser$Result; @ 45

Internal exceptions (10 events):
Event: 10565.707 Thread 0x000000001f08d000 Implicit null exception at 0x0000000004239961 to 0x0000000004239f71
Event: 10565.708 Thread 0x000000001a473800 Implicit null exception at 0x00000000039ca9bd to 0x00000000039cae3d
Event: 10565.735 Thread 0x000000001f08e800 Exception <a 'sun/nio/fs/WindowsException'> (0x00000000d6808a98) thrown at [C:\re\workspace\8-2-build-windows-amd64-cygwin\jdk8u102\7268\hotspot\src\share\vm\prims\jni.cpp, line 709]
Event: 10566.154 Thread 0x000000001f08e000 Exception <a 'sun/nio/fs/WindowsException'> (0x00000000d67b3df0) thrown at [C:\re\workspace\8-2-build-windows-amd64-cygwin\jdk8u102\7268\hotspot\src\share\vm\prims\jni.cpp, line 709]
Event: 10566.326 Thread 0x000000001f086800 Exception <a 'sun/nio/fs/WindowsException'> (0x00000000da1016b8) thrown at [C:\re\workspace\8-2-build-windows-amd64-cygwin\jdk8u102\7268\hotspot\src\share\vm\prims\jni.cpp, line 709]
Event: 10566.397 Thread 0x000000001f08e800 Exception <a 'sun/nio/fs/WindowsException'> (0x00000000d6823b40) thrown at [C:\re\workspace\8-2-build-windows-amd64-cygwin\jdk8u102\7268\hotspot\src\share\vm\prims\jni.cpp, line 709]
Event: 10566.690 Thread 0x000000001f08e000 Exception <a 'sun/nio/fs/WindowsException'> (0x00000000dc4857c8) thrown at [C:\re\workspace\8-2-build-windows-amd64-cygwin\jdk8u102\7268\hotspot\src\share\vm\prims\jni.cpp, line 709]
Event: 10569.133 Thread 0x000000001a471000 Implicit null exception at 0x0000000005eeb339 to 0x0000000005eeb755
Event: 10569.136 Thread 0x000000001a471000 Implicit null exception at 0x0000000004782593 to 0x000000000478277d
Event: 10569.982 Thread 0x000000001a471000 Implicit null exception at 0x00000000066ba237 to 0x00000000066ba9fd

Events (10 events):
Event: 10570.745 loading class org/gradle/internal/typeconversion/NotationConverterToNotationParserAdapter$1 done
Event: 10570.911 loading class java/util/Collections$2
Event: 10570.933 loading class java/util/Collections$2 done
Event: 10570.947 loading class com/android/build/gradle/internal/transforms/MergeJavaResourcesTransform$2
Event: 10570.947 loading class com/android/build/gradle/internal/transforms/MergeJavaResourcesTransform$2 done
Event: 10570.957 Thread 0x000000001f08b800 Uncommon trap: trap_request=0xffffff65 fr.pc=0x00000000035fd66c
Event: 10570.957 Thread 0x000000001f08b800 DEOPT PACKING pc=0x00000000035fd66c sp=0x000000002843d8e0
Event: 10570.957 Thread 0x000000001f08b800 DEOPT UNPACKING pc=0x0000000002c1582a sp=0x000000002843d8b0 mode 2
Event: 10570.959 loading class com/android/build/gradle/internal/packaging/PackagingFileAction
Event: 10570.960 loading class com/android/build/gradle/internal/packaging/PackagingFileAction done


Dynamic libraries:
0x00007ff704a80000 - 0x00007ff704ab7000 	C:\Program Files\Java\jdk1.8.0_102\bin\java.exe
0x00007ffb90520000 - 0x00007ffb906fb000 	C:\WINDOWS\SYSTEM32\ntdll.dll
0x00007ffb8e600000 - 0x00007ffb8e6ae000 	C:\WINDOWS\System32\KERNEL32.DLL
0x00007ffb8ccf0000 - 0x00007ffb8cf39000 	C:\WINDOWS\System32\KERNELBASE.dll
0x00007ffb8e430000 - 0x00007ffb8e4d1000 	C:\WINDOWS\System32\ADVAPI32.dll
0x00007ffb90100000 - 0x00007ffb9019d000 	C:\WINDOWS\System32\msvcrt.dll
0x00007ffb8e5a0000 - 0x00007ffb8e5f9000 	C:\WINDOWS\System32\sechost.dll
0x00007ffb8e300000 - 0x00007ffb8e425000 	C:\WINDOWS\System32\RPCRT4.dll
0x00007ffb8ff00000 - 0x00007ffb9004a000 	C:\WINDOWS\System32\USER32.dll
0x00007ffb8d890000 - 0x00007ffb8d8ae000 	C:\WINDOWS\System32\win32u.dll
0x00007ffb901a0000 - 0x00007ffb901c7000 	C:\WINDOWS\System32\GDI32.dll
0x00007ffb8d000000 - 0x00007ffb8d188000 	C:\WINDOWS\System32\gdi32full.dll
0x00007ffb8ca40000 - 0x00007ffb8cada000 	C:\WINDOWS\System32\msvcp_win.dll
0x00007ffb8cbf0000 - 0x00007ffb8cce6000 	C:\WINDOWS\System32\ucrtbase.dll
0x00007ffb7e250000 - 0x00007ffb7e4b7000 	C:\WINDOWS\WinSxS\amd64_microsoft.windows.common-controls_6595b64144ccf1df_6.0.15063.0_none_108e4f62dfe5d999\COMCTL32.dll
0x00007ffb8dae0000 - 0x00007ffb8ddd9000 	C:\WINDOWS\System32\combase.dll
0x00007ffb8cf40000 - 0x00007ffb8cfaa000 	C:\WINDOWS\System32\bcryptPrimitives.dll
0x00007ffb8e940000 - 0x00007ffb8e96d000 	C:\WINDOWS\System32\IMM32.DLL
0x000000006efc0000 - 0x000000006f091000 	C:\Program Files\Java\jdk1.8.0_102\jre\bin\msvcr100.dll
0x000000006e720000 - 0x000000006efba000 	C:\Program Files\Java\jdk1.8.0_102\jre\bin\server\jvm.dll
0x00007ffb90050000 - 0x00007ffb90058000 	C:\WINDOWS\System32\PSAPI.DLL
0x00007ffb86710000 - 0x00007ffb86719000 	C:\WINDOWS\SYSTEM32\WSOCK32.dll
0x00007ffb90080000 - 0x00007ffb900ec000 	C:\WINDOWS\System32\WS2_32.dll
0x00007ffb8acd0000 - 0x00007ffb8acf3000 	C:\WINDOWS\SYSTEM32\WINMM.dll
0x00007ffb7d8e0000 - 0x00007ffb7d8ea000 	C:\WINDOWS\SYSTEM32\VERSION.dll
0x00007ffb8ac70000 - 0x00007ffb8ac9b000 	C:\WINDOWS\SYSTEM32\WINMMBASE.dll
0x00007ffb8cfb0000 - 0x00007ffb8cff9000 	C:\WINDOWS\System32\cfgmgr32.dll
0x0000000070410000 - 0x000000007041f000 	C:\Program Files\Java\jdk1.8.0_102\jre\bin\verify.dll
0x000000006e6f0000 - 0x000000006e719000 	C:\Program Files\Java\jdk1.8.0_102\jre\bin\java.dll
0x000000006e6d0000 - 0x000000006e6e6000 	C:\Program Files\Java\jdk1.8.0_102\jre\bin\zip.dll
0x00007ffb8eac0000 - 0x00007ffb8fef7000 	C:\WINDOWS\System32\SHELL32.dll
0x00007ffb8e4e0000 - 0x00007ffb8e58a000 	C:\WINDOWS\System32\shcore.dll
0x00007ffb8d190000 - 0x00007ffb8d882000 	C:\WINDOWS\System32\windows.storage.dll
0x00007ffb8da80000 - 0x00007ffb8dad1000 	C:\WINDOWS\System32\shlwapi.dll
0x00007ffb8ca00000 - 0x00007ffb8ca11000 	C:\WINDOWS\System32\kernel.appcore.dll
0x00007ffb8c990000 - 0x00007ffb8c9dc000 	C:\WINDOWS\System32\powrprof.dll
0x00007ffb8ca20000 - 0x00007ffb8ca35000 	C:\WINDOWS\System32\profapi.dll
0x000000006e6b0000 - 0x000000006e6ca000 	C:\Program Files\Java\jdk1.8.0_102\jre\bin\net.dll
0x00007ffb8c2a0000 - 0x00007ffb8c2fc000 	C:\WINDOWS\system32\mswsock.dll
0x000000006e690000 - 0x000000006e6a1000 	C:\Program Files\Java\jdk1.8.0_102\jre\bin\nio.dll
0x00007ffb858c0000 - 0x00007ffb858de000 	C:\Users\sunxin\.gradle\native\23\windows-amd64\native-platform.dll
0x00007ffb8c440000 - 0x00007ffb8c457000 	C:\WINDOWS\SYSTEM32\CRYPTSP.dll
0x00007ffb8bec0000 - 0x00007ffb8bef4000 	C:\WINDOWS\system32\rsaenh.dll
0x00007ffb8c550000 - 0x00007ffb8c575000 	C:\WINDOWS\SYSTEM32\bcrypt.dll
0x00007ffb8c8c0000 - 0x00007ffb8c8e9000 	C:\WINDOWS\SYSTEM32\USERENV.dll
0x00007ffb8c460000 - 0x00007ffb8c46b000 	C:\WINDOWS\SYSTEM32\CRYPTBASE.dll
0x00007ffb8c040000 - 0x00007ffb8c077000 	C:\WINDOWS\SYSTEM32\IPHLPAPI.DLL
0x00007ffb8e590000 - 0x00007ffb8e598000 	C:\WINDOWS\System32\NSI.dll
0x00007ffb88f60000 - 0x00007ffb88f76000 	C:\WINDOWS\SYSTEM32\dhcpcsvc6.DLL
0x00007ffb88f40000 - 0x00007ffb88f5a000 	C:\WINDOWS\SYSTEM32\dhcpcsvc.DLL
0x000000006e680000 - 0x000000006e68d000 	C:\Program Files\Java\jdk1.8.0_102\jre\bin\management.dll
0x00007ffb8bcf0000 - 0x00007ffb8bd21000 	C:\WINDOWS\SYSTEM32\ntmarta.dll

VM Arguments:
jvm_args: -XX:MaxPermSize=512m -Xmx2048m -Dfile.encoding=GBK -Duser.country=CN -Duser.language=zh -Duser.variant 
java_command: org.gradle.launcher.daemon.bootstrap.GradleDaemon 3.3
java_class_path (initial): C:\Users\sunxin\.gradle\wrapper\dists\gradle-3.3-all\55gk2rcmfc6p2dg9u9ohc3hw9\gradle-3.3\lib\gradle-launcher-3.3.jar
Launcher Type: SUN_STANDARD

Environment Variables:
JAVA_HOME=C:\Program Files\Java\jdk1.8.0_102
JRE_HOME=C:\Program Files\Java\jdk1.8.0_102\jre
CLASSPATH=.;C:\Program Files\Java\jdk1.8.0_102\lib\dt.jar;C:\Program Files\Java\jdk1.8.0_102\lib\tools.jar
PATH=C:\ProgramData\Oracle\Java\javapath;C:\WINDOWS\system32;C:\WINDOWS;C:\WINDOWS\System32\Wbem;C:\WINDOWS\System32\WindowsPowerShell\v1.0\;C:\Program Files\Java\jdk1.8.0_102;C:\Program Files\Java\jdk1.8.0_102\bin;E:\Program Files\TortoiseGit\bin;D:\VisualSVN Server\bin;E:\Program Files\TortoiseSVN\bin;E:\apache-tomcat-7.0.42\bin;D:\Users\ad\AppData\Local\Android\sdk\platform-tools;E:\androidNDK\android-ndk-r10e;D:\android-studio\gradle\gradle-2.14.1\bin;E:\Program Files (x86)\MySQL\MySQL Server 5.5\bin;E:\Program Files (x86)\Rational\common;E:\Program Files\nodejs\;e:\Program Files (x86)\Git\cmd;D:\Users\ad\AppData\Local\Android\sdk\tools;E:\Program Files\cmder;C:\Users\sunxin\AppData\Local\Microsoft\WindowsApps;C:\Users\sunxin\AppData\Roaming\npm;e:\Program Files (x86)\Microsoft VS Code\bin;
USERNAME=sunxin
OS=Windows_NT
PROCESSOR_IDENTIFIER=Intel64 Family 6 Model 60 Stepping 3, GenuineIntel



---------------  S Y S T E M  ---------------

OS: Windows 10.0 , 64 bit Build 15063 (10.0.15063.296)

CPU:total 4 (2 cores per cpu, 2 threads per core) family 6 model 60 stepping 3, cmov, cx8, fxsr, mmx, sse, sse2, sse3, ssse3, sse4.1, sse4.2, popcnt, avx, avx2, aes, clmul, erms, lzcnt, ht, tsc, tscinvbit, bmi1, bmi2

Memory: 4k page, physical 8298776k(1263692k free), swap 21195536k(5936k free)

vm_info: Java HotSpot(TM) 64-Bit Server VM (25.102-b14) for windows-amd64 JRE (1.8.0_102-b14), built on Jun 22 2016 13:15:21 by "java_re" with MS VC++ 10.0 (VS2010)

time: Fri Jun 23 13:06:45 2017
elapsed time: 10571 seconds (0d 2h 56m 11s)

